<?xml version="1.0" encoding="UTF-8"?>
<!-- Generated by org.testng.reporters.JUnitXMLReporter -->
<testsuite ignored="0" hostname="DESKTOP-G3P88A0" failures="0" tests="3" name="Default test" time="95.286" errors="0" timestamp="2023-03-05T12:51:26 IST">
  <testcase classname="assignment.LambdaTest" name="function1Test" time="0.842"/>
  <testcase classname="assignment.LambdaTest" name="function2Test" time="0.27"/>
  <testcase classname="assignment.LambdaTest" name="function3Test" time="0.475"/>
</testsuite> <!-- Default test -->
